2023-10-08 22:19:23 [DEBUG] Listening...
2023-10-08 22:20:32 [DEBUG] Recognizing...
2023-10-08 22:21:13 [DEBUG] Listening...
2023-10-08 22:21:17 [DEBUG] Recognizing...
2023-10-08 22:21:19 [DEBUG] Listening...
2023-10-08 22:22:23 [DEBUG] Recognizing...
2023-10-08 22:25:45 [DEBUG] Listening...
2023-10-08 22:25:51 [DEBUG] Recognizing...
2023-10-08 22:25:52 [DEBUG] Listening...
2023-10-08 22:26:45 [DEBUG] Listening...
2023-10-08 22:26:50 [DEBUG] Recognizing...
2023-10-08 22:26:54 [DEBUG] Listening...
2023-10-08 22:27:10 [DEBUG] Recognizing...
2023-10-08 22:28:10 [DEBUG] Listening...
2023-10-08 22:28:16 [DEBUG] Recognizing...
2023-10-08 22:28:20 [WARNING] Error 
2023-10-08 22:28:20 [DEBUG] Listening...
2023-10-08 22:28:40 [DEBUG] Listening...
2023-10-08 22:28:47 [DEBUG] Recognizing...
2023-10-08 22:28:50 [DEBUG] User said: hello Jarvis
2023-10-08 22:28:51 [DEBUG] Listening...
2023-10-08 22:29:16 [DEBUG] Recognizing...
2023-10-08 22:29:24 [DEBUG] User said: yes
2023-10-08 22:33:57 [DEBUG] Listening...
2023-10-08 22:34:02 [DEBUG] Recognizing...
2023-10-08 22:34:04 [DEBUG] User said: hello William
2023-10-08 22:34:05 [DEBUG] Listening...
2023-10-08 22:35:53 [DEBUG] Listening...
2023-10-08 22:35:56 [DEBUG] Recognizing...
2023-10-08 22:35:58 [WARNING] Error 
2023-10-08 22:35:58 [DEBUG] Listening...
2023-10-08 22:36:50 [DEBUG] Listening...
2023-10-08 22:37:19 [DEBUG] Recognizing...
2023-10-08 22:37:34 [DEBUG] Listening...
2023-10-08 22:37:51 [DEBUG] Recognizing...
2023-10-08 22:37:57 [DEBUG] User said: hello Jarvis
2023-10-08 22:37:57 [DEBUG] Listening...
2023-10-08 22:38:03 [DEBUG] Recognizing...
2023-10-08 22:38:06 [DEBUG] User said: yes
